<?xml version="1.0" encoding="UTF-8"?>
<!-- Generated by org.testng.reporters.JUnitReportReporter -->
<testsuite hostname="L-INE-FZR4PL3" failures="0" tests="4" name="testCases.TC001_LoginTest" time="33.832" errors="0" timestamp="2025-02-10T18:20:15 IST" skipped="0">
  <testcase classname="testCases.TC001_LoginTest" name="testInValidLogin" time="6.565"/>
  <testcase classname="testCases.TC001_LoginTest" name="testInValidLogin" time="7.213"/>
  <testcase classname="testCases.TC001_LoginTest" name="testValidLogin" time="9.671"/>
  <testcase classname="testCases.TC001_LoginTest" name="testValidLogin" time="10.383"/>
</testsuite> <!-- testCases.TC001_LoginTest -->
