<?xml version="1.0" encoding="UTF-8"?>
<!-- Generated by org.testng.reporters.JUnitReportReporter -->
<testsuite hostname="L-INE-FZR4PL3" failures="0" tests="2" name="testCases.TC001_LoginTest" time="3.544" errors="0" timestamp="2025-02-08T21:23:14 IST" skipped="0">
  <testcase classname="testCases.TC001_LoginTest" name="testValidLogin" time="1.336"/>
  <testcase classname="testCases.TC001_LoginTest" name="testInValidLogin" time="2.208"/>
</testsuite> <!-- testCases.TC001_LoginTest -->
