<?xml version="1.0" encoding="UTF-8"?>
<!-- Generated by org.testng.reporters.JUnitReportReporter -->
<testsuite hostname="L-INE-FZR4PL3" failures="0" tests="1" name="Temp" time="3.991" errors="0" timestamp="2025-02-08T18:09:04 IST" skipped="0">
  <testcase classname="Temp" name="tests" time="3.991"/>
</testsuite> <!-- Temp -->
