<?xml version="1.0" encoding="UTF-8"?>
<!-- Generated by org.testng.reporters.JUnitReportReporter -->
<testsuite hostname="L-INE-FZR4PL3" failures="0" tests="3" name="testCases.TC002_AddEmployee" time="33.762" errors="0" timestamp="2025-02-14T22:58:30 IST" skipped="0">
  <testcase classname="testCases.TC002_AddEmployee" name="createEmployee" time="10.188"/>
  <testcase classname="testCases.TC002_AddEmployee" name="createEmployee" time="10.174"/>
  <testcase classname="testCases.TC002_AddEmployee" name="createEmployee" time="13.400"/>
</testsuite> <!-- testCases.TC002_AddEmployee -->
